<?xml version="1.0" encoding="UTF-8"?>
<testng-results skipped="0" failed="0" ignored="0" total="1" passed="1">
  <reporter-output>
  </reporter-output>
  <suite name="Suite" duration-ms="11310" started-at="2019-01-10T07:04:27Z" finished-at="2019-01-10T07:04:39Z">
    <groups>
    </groups>
    <test name="Test" duration-ms="11310" started-at="2019-01-10T07:04:27Z" finished-at="2019-01-10T07:04:39Z">
      <class name="com.tests.NewTest2">
        <test-method status="PASS" signature="launchChrome()[pri:0, instance:com.tests.NewTest2@ae45eb6]" name="launchChrome" duration-ms="11273" started-at="2019-01-10T12:34:27Z" finished-at="2019-01-10T12:34:39Z">
          <reporter-output>
          </reporter-output>
        </test-method> <!-- launchChrome -->
      </class> <!-- com.tests.NewTest2 -->
    </test> <!-- Test -->
  </suite> <!-- Suite -->
</testng-results>
